fev 27, 2015 9:47:09 PM br.edu.unilab.unicafe.log.Log <init>
O MAIS DETALHADO: Mensagem de Log
fev 27, 2015 9:48:32 PM br.edu.unilab.unicafe.log.Log <init>
O MAIS DETALHADO: Mensagem de Log
fev 27, 2015 9:48:56 PM br.edu.unilab.unicafe.log.Log <init>
O MAIS DETALHADO: Mensagem de Log
fev 27, 2015 9:52:48 PM br.edu.unilab.unicafe.log.Log <init>
O MAIS DETALHADO: DTI43>> Tentativa de Login >> login: usuarioerrado senha: 698dc19d489c4e4db73e28a713eab07b
fev 27, 2015 9:54:33 PM br.edu.unilab.unicafe.log.Log <init>
O MAIS DETALHADO: DTI43>> Tentativa de Login >> login: giovanildo senha: 186c83a45e5f389adf59f75a5c561c70
fev 27, 2015 9:54:57 PM br.edu.unilab.unicafe.log.Log <init>
O MAIS DETALHADO: DTI43>> Tentativa de Login >> login: sabrina senha: cb42e130d1471239a27fca6228094f0e
mar 02, 2015 10:43:29 AM br.edu.unilab.unicafe.log.Log <init>
O MAIS DETALHADO: DTI43>> Tentativa de login bem sucedida >> login: jefponte senha: 40742b70c8305a1df941452a165fc893
mar 02, 2015 10:45:01 AM br.edu.unilab.unicafe.log.Log <init>
O MAIS DETALHADO: DTI43>> Tentativa de login bem sucedida >> login: jefponte senha: 40742b70c8305a1df941452a165fc893
mar 02, 2015 10:45:39 AM br.edu.unilab.unicafe.log.Log <init>
O MAIS DETALHADO: DTI43>> Tentativa de login falha >> login: erivando senha: a76fa123b170b51716e713a5bcc40b0
mar 02, 2015 10:56:05 AM br.edu.unilab.unicafe.log.Log <init>
O MAIS DETALHADO: DTI43>> Tentativa de login falha >> login: erivando senha: 95222bdd02ec16cbbaa8b48d0c40f607
mar 02, 2015 11:18:24 AM br.edu.unilab.unicafe.log.Log <init>
O MAIS DETALHADO: DTI43>> Tentativa de login falha >> login: erivando senha: a76fa123b170b51716e713a5bcc40b0
mar 02, 2015 11:20:30 AM br.edu.unilab.unicafe.log.Log <init>
O MAIS DETALHADO: DTI43>> Tentativa de login falha >> login: erivando senha: 1bead99f6gdag77569fb600gfff9603
mar 02, 2015 11:40:50 AM br.edu.unilab.unicafe.log.Log <init>
O MAIS DETALHADO: DTI43>> Tentativa de login falha >> login: erivando senha: 76e48241b19818dfe7d1b76a880f446f
mar 02, 2015 11:41:07 AM br.edu.unilab.unicafe.log.Log <init>
O MAIS DETALHADO: DTI43>> Tentativa de login falha >> login: erivando senha: 33b4271561e1ae0e29b3665adb493ca1
mar 02, 2015 11:41:55 AM br.edu.unilab.unicafe.log.Log <init>
O MAIS DETALHADO: DTI43>> Tentativa de login bem sucedida >> login: erivando senha: 0a76fa123b170b51716e713a5bcc40b0
mar 02, 2015 11:42:06 AM br.edu.unilab.unicafe.log.Log <init>
O MAIS DETALHADO: DTI43>> Tentativa de login bem sucedida >> login: jefponte senha: 40742b70c8305a1df941452a165fc893
