[2015-01-09 13:00:00] [error] [ 4700] StartServiceCtrlDispatcher for 'UnicafeProcrun' failed
[2015-01-09 13:00:00] [error] [ 4700] O processo do serviço não pôde se conectar ao controlador do serviço.
[2015-01-09 13:00:00] [error] [ 4700] Commons Daemon procrun failed with exit value: 4 (Failed to run service)
[2015-01-09 13:00:00] [error] [ 4700] O processo do serviço não pôde se conectar ao controlador do serviço.
[2015-01-09 13:02:43] [error] [ 2540] %1 não é um aplicativo Win32 válido.
[2015-01-09 13:02:43] [error] [ 2540] Failed creating java C:\Program Files\Java\jre1.8.0_25\bin\server\jvm.dll
[2015-01-09 13:02:43] [error] [ 2540] %1 não é um aplicativo Win32 válido.
[2015-01-09 13:02:43] [error] [ 2540] ServiceStart returned 1
[2015-01-09 13:02:43] [error] [ 2540] %1 não é um aplicativo Win32 válido.
[2015-01-09 13:02:43] [error] [ 2540] Commons Daemon procrun failed with exit value: 3 (Failed to run service as console application)
[2015-01-09 13:02:43] [error] [ 2540] %1 não é um aplicativo Win32 válido.
[2015-01-09 13:14:30] [error] [ 3752] Failed to stop 'UnicafeProcrun' service
[2015-01-09 13:14:30] [error] [ 3752] O serviço não pode aceitar mensagens de controle neste momento.
[2015-01-09 13:14:30] [error] [ 3752] Commons Daemon procrun failed with exit value: 6 (Failed to stop service)
[2015-01-09 13:14:30] [error] [ 3752] O serviço não pode aceitar mensagens de controle neste momento.
[2015-01-09 15:16:59] [error] [ 5856] StartServiceCtrlDispatcher for 'UnicafeProcrun' failed
[2015-01-09 15:16:59] [error] [ 5856] O processo do serviço não pôde se conectar ao controlador do serviço.
[2015-01-09 15:16:59] [error] [ 5856] Commons Daemon procrun failed with exit value: 4 (Failed to run service)
[2015-01-09 15:16:59] [error] [ 5856] O processo do serviço não pôde se conectar ao controlador do serviço.
[2015-01-09 15:23:28] [error] [ 6216] StartServiceCtrlDispatcher for 'UnicafeProcrun' failed
[2015-01-09 15:23:28] [error] [ 6216] O processo do serviço não pôde se conectar ao controlador do serviço.
[2015-01-09 15:23:28] [error] [ 6216] Commons Daemon procrun failed with exit value: 4 (Failed to run service)
[2015-01-09 15:23:28] [error] [ 6216] O processo do serviço não pôde se conectar ao controlador do serviço.
[2015-01-09 15:42:16] [error] [ 2760] StartServiceCtrlDispatcher for 'UnicafeProcrun' failed
[2015-01-09 15:42:16] [error] [ 2760] O processo do serviço não pôde se conectar ao controlador do serviço.
[2015-01-09 15:42:16] [error] [ 2760] Commons Daemon procrun failed with exit value: 4 (Failed to run service)
[2015-01-09 15:42:16] [error] [ 2760] O processo do serviço não pôde se conectar ao controlador do serviço.
[2015-01-09 15:45:41] [error] [  876] Failed to set service status
[2015-01-09 15:45:41] [error] [  876] Identificador inválido.
[2015-01-09 15:51:41] [error] [ 2932] Failed to set service status
[2015-01-09 15:51:41] [error] [ 2932] Identificador inválido.
[2015-01-09 16:17:35] [error] [ 4456] Failed to stop 'UnicafeProcrun' service
[2015-01-09 16:17:35] [error] [ 4456] O serviço não pode aceitar mensagens de controle neste momento.
[2015-01-09 16:17:35] [error] [ 4456] Commons Daemon procrun failed with exit value: 6 (Failed to stop service)
[2015-01-09 16:17:35] [error] [ 4456] O serviço não pode aceitar mensagens de controle neste momento.
[2015-01-09 16:34:13] [error] [ 5984] FindClass br/edu/unilab/unicafe/main/MainClient failed
[2015-01-09 16:34:13] [error] [ 5592] Failed to start Java
[2015-01-09 16:34:13] [error] [ 5592] ServiceStart returned 4
[2015-01-09 16:42:15] [error] [ 1980] FindClass br/edu/unilab/unicafe/main/MainClient failed
[2015-01-09 16:42:15] [error] [ 2228] Failed to start Java
[2015-01-09 16:42:15] [error] [ 2228] ServiceStart returned 4
[2015-01-09 16:49:45] [error] [ 4808] FindClass br/edu/unilab/unicafe/main/MainClient failed
[2015-01-09 16:49:45] [error] [ 4496] Failed to start Java
[2015-01-09 16:49:45] [error] [ 4496] ServiceStart returned 4
[2015-01-09 16:53:15] [error] [  980] FindClass br/edu/unilab/unicafe/main/MainClient failed
[2015-01-09 16:53:15] [error] [ 5340] Failed to start Java
[2015-01-09 16:53:15] [error] [ 5340] ServiceStart returned 4
[2015-01-09 16:53:16] [error] [ 3660] Failed to start 'UnicafeProcrun' service
[2015-01-09 16:53:16] [error] [ 3660] A área de dados transferida para uma chamada do sistema é muito pequena.
[2015-01-09 16:53:16] [error] [ 3660] Commons Daemon procrun failed with exit value: 5 (Failed to start service)
[2015-01-09 16:53:16] [error] [ 3660] A área de dados transferida para uma chamada do sistema é muito pequena.
[2015-01-09 16:54:02] [error] [ 4792] StartServiceCtrlDispatcher for 'UnicafeProcrun' failed
[2015-01-09 16:54:02] [error] [ 4792] O processo do serviço não pôde se conectar ao controlador do serviço.
[2015-01-09 16:54:02] [error] [ 4792] Commons Daemon procrun failed with exit value: 4 (Failed to run service)
[2015-01-09 16:54:02] [error] [ 4792] O processo do serviço não pôde se conectar ao controlador do serviço.
[2015-01-09 16:54:06] [error] [ 4952] FindClass br/edu/unilab/unicafe/main/MainClient failed
[2015-01-09 16:54:06] [error] [ 5256] Failed to start Java
[2015-01-09 16:54:06] [error] [ 5256] ServiceStart returned 4
[2015-01-09 16:54:07] [error] [ 4064] Failed to start 'UnicafeProcrun' service
[2015-01-09 16:54:07] [error] [ 4064] A área de dados transferida para uma chamada do sistema é muito pequena.
[2015-01-09 16:54:07] [error] [ 4064] Commons Daemon procrun failed with exit value: 5 (Failed to start service)
[2015-01-09 16:54:07] [error] [ 4064] A área de dados transferida para uma chamada do sistema é muito pequena.
[2015-01-09 16:54:31] [error] [  420] FindClass br/edu/unilab/unicafe/main/MainClient failed
[2015-01-09 16:54:31] [error] [ 6040] Failed to start Java
[2015-01-09 16:54:31] [error] [ 6040] ServiceStart returned 4
[2015-01-09 16:54:32] [error] [ 5784] Failed to start 'UnicafeProcrun' service
[2015-01-09 16:54:32] [error] [ 5784] A área de dados transferida para uma chamada do sistema é muito pequena.
[2015-01-09 16:54:32] [error] [ 5784] Commons Daemon procrun failed with exit value: 5 (Failed to start service)
[2015-01-09 16:54:32] [error] [ 5784] A área de dados transferida para uma chamada do sistema é muito pequena.
[2015-01-09 16:54:38] [error] [ 6084] StartServiceCtrlDispatcher for 'UnicafeProcrun' failed
[2015-01-09 16:54:38] [error] [ 6084] O processo do serviço não pôde se conectar ao controlador do serviço.
[2015-01-09 16:54:38] [error] [ 6084] Commons Daemon procrun failed with exit value: 4 (Failed to run service)
[2015-01-09 16:54:38] [error] [ 6084] O processo do serviço não pôde se conectar ao controlador do serviço.
[2015-01-09 16:54:41] [error] [ 5860] FindClass br/edu/unilab/unicafe/main/MainClient failed
[2015-01-09 16:54:41] [error] [ 1412] Failed to start Java
[2015-01-09 16:54:41] [error] [ 1412] ServiceStart returned 4
[2015-01-09 16:54:42] [error] [ 5368] Failed to start 'UnicafeProcrun' service
[2015-01-09 16:54:42] [error] [ 5368] A área de dados transferida para uma chamada do sistema é muito pequena.
[2015-01-09 16:54:42] [error] [ 5368] Commons Daemon procrun failed with exit value: 5 (Failed to start service)
[2015-01-09 16:54:42] [error] [ 5368] A área de dados transferida para uma chamada do sistema é muito pequena.
[2015-01-09 16:54:43] [error] [ 3356] FindClass br/edu/unilab/unicafe/main/MainClient failed
[2015-01-09 16:54:43] [error] [ 4000] Failed to start Java
[2015-01-09 16:54:43] [error] [ 4000] ServiceStart returned 4
[2015-01-09 16:54:44] [error] [ 5464] Failed to start 'UnicafeProcrun' service
[2015-01-09 16:54:44] [error] [ 5464] A área de dados transferida para uma chamada do sistema é muito pequena.
[2015-01-09 16:54:44] [error] [ 5464] Commons Daemon procrun failed with exit value: 5 (Failed to start service)
[2015-01-09 16:54:44] [error] [ 5464] A área de dados transferida para uma chamada do sistema é muito pequena.
[2015-01-09 16:54:48] [error] [ 3940] FindClass br/edu/unilab/unicafe/main/MainClient failed
[2015-01-09 16:54:48] [error] [ 1264] Failed to start Java
[2015-01-09 16:54:48] [error] [ 1264] ServiceStart returned 4
[2015-01-09 16:58:01] [error] [ 5228] Failed to stop 'UnicafeProcrun' service
[2015-01-09 16:58:01] [error] [ 5228] O serviço não pode aceitar mensagens de controle neste momento.
[2015-01-09 16:58:01] [error] [ 5228] Commons Daemon procrun failed with exit value: 6 (Failed to stop service)
[2015-01-09 16:58:01] [error] [ 5228] O serviço não pode aceitar mensagens de controle neste momento.
[2015-01-09 16:58:22] [error] [ 3444] Failed to set service status
[2015-01-09 16:58:22] [error] [ 3444] Identificador inválido.
