

Version:	3.6
CmdLine:	C:\projetos\unicafe\build\UniCafeClient.exe --l4j-debug
WOW64:		yes
Working dir:	C:\projetos\unicafe\build\.
64-bit search:	SOFTWARE\JavaSoft\Java Runtime Environment...
Check:		SOFTWARE\JavaSoft\Java Runtime Environment\1.8
Check launcher:	C:\Program Files\Java\jre1.8.0_73\bin\javaw.exe (OK)
Match:		1.8
Check:		SOFTWARE\JavaSoft\Java Runtime Environment\1.8.0_66
Check launcher:	C:\Program Files\Java\jre1.8.0_66\bin\javaw.exe (OK)
Match:		1.8.0_66
Check:		SOFTWARE\JavaSoft\Java Runtime Environment\1.8.0_73
Check launcher:	C:\Program Files\Java\jre1.8.0_73\bin\javaw.exe (OK)
Match:		1.8.0_73
64-bit search:	SOFTWARE\JavaSoft\Java Development Kit...
Check:		SOFTWARE\JavaSoft\Java Development Kit\1.8
Ignore:		1.8
Check:		SOFTWARE\JavaSoft\Java Development Kit\1.8.0_73
Ignore:		1.8.0_73
Runtime used:	1.8.0_73 (64-bit)
Launcher:	C:\Program Files\Java\jre1.8.0_73\bin\javaw.exe
Launcher args:	-jar "C:\projetos\unicafe\build\UniCafeClient.exe"
Args length:	50/32768 chars
Exit code:	0


Version:	3.6
CmdLine:	C:\projetos\unicafe2\build\UniCafeClient.exe --l4j-debug
WOW64:		yes
Working dir:	C:\projetos\unicafe2\build\.
64-bit search:	SOFTWARE\JavaSoft\Java Runtime Environment...
Check:		SOFTWARE\JavaSoft\Java Runtime Environment\1.8
Check launcher:	C:\Program Files\Java\jre1.8.0_73\bin\javaw.exe (OK)
Match:		1.8
Check:		SOFTWARE\JavaSoft\Java Runtime Environment\1.8.0_66
Check launcher:	C:\Program Files\Java\jre1.8.0_66\bin\javaw.exe (OK)
Match:		1.8.0_66
Check:		SOFTWARE\JavaSoft\Java Runtime Environment\1.8.0_73
Check launcher:	C:\Program Files\Java\jre1.8.0_73\bin\javaw.exe (OK)
Match:		1.8.0_73
64-bit search:	SOFTWARE\JavaSoft\Java Development Kit...
Check:		SOFTWARE\JavaSoft\Java Development Kit\1.8
Ignore:		1.8
Check:		SOFTWARE\JavaSoft\Java Development Kit\1.8.0_73
Ignore:		1.8.0_73
Runtime used:	1.8.0_73 (64-bit)
Launcher:	C:\Program Files\Java\jre1.8.0_73\bin\javaw.exe
Launcher args:	-jar "C:\projetos\unicafe2\build\UniCafeClient.exe"
Args length:	51/32768 chars
Exit code:	0
